This is pdfTeX, Version 3.141592653-2.6-1.40.22 (MiKTeX 21.6) (preloaded format=latex 2022.8.8)  10 AUG 2022 15:51
entering extended mode
**"./BA Daniel Grohmann.tex"
(BA Daniel Grohmann.tex
LaTeX2e <2021-06-01>
L3 programming layer <2021-06-01>
(C:\Users\Mopsn\AppData\Local\Programs\MiKTeX 2.9\tex/latex/base\article.cls
Document Class: article 2021/02/12 v1.4n Standard LaTeX document class
(C:\Users\Mopsn\AppData\Local\Programs\MiKTeX 2.9\tex/latex/base\size12.clo
File: size12.clo 2021/02/12 v1.4n Standard LaTeX file (size option)
)
\c@part=\count182
\c@section=\count183
\c@subsection=\count184
\c@subsubsection=\count185
\c@paragraph=\count186
\c@subparagraph=\count187
\c@figure=\count188
\c@table=\count189
\abovecaptionskip=\skip47
\belowcaptionskip=\skip48
\bibindent=\dimen138
)
(C:\Users\Mopsn\AppData\Local\Programs\MiKTeX 2.9\tex/latex/base\inputenc.sty
Package: inputenc 2021/02/14 v1.3d Input encoding file
\inpenc@prehook=\toks16
\inpenc@posthook=\toks17
)
(C:\Users\Mopsn\AppData\Local\Programs\MiKTeX 2.9\tex/generic/babel\babel.sty
Package: babel 2021/06/02 3.60 The Babel package

(C:\Users\Mopsn\AppData\Local\Programs\MiKTeX 2.9\tex/generic/babel\babel.def
File: babel.def 2021/06/02 3.60 Babel common definitions
\babel@savecnt=\count190
\U@D=\dimen139
\l@unhyphenated=\language83

(C:\Users\Mopsn\AppData\Local\Programs\MiKTeX 2.9\tex/generic/babel\txtbabel.de
f)
\bbl@readstream=\read2
)
\bbl@dirlevel=\count191

*************************************
* Local config file bblopts.cfg used
*
(C:\Users\Mopsn\AppData\Local\Programs\MiKTeX 2.9\tex/latex/arabi\bblopts.cfg
File: bblopts.cfg 2005/09/08 v0.1 add Arabic and Farsi to "declared" options of
 babel
)
(C:\Users\Mopsn\AppData\Local\Programs\MiKTeX 2.9\tex/latex/babel-german\ngerma
n.ldf
Language: ngerman 2021/02/27 v2.13 German support for babel (post-1996 orthogra
phy)

(C:\Users\Mopsn\AppData\Local\Programs\MiKTeX 2.9\tex/latex/babel-german\ngerma
nb.ldf
Language: ngermanb 2021/02/27 v2.13 German support for babel (post-1996 orthogr
aphy)
Package babel Info: Making " an active character on input line 122.
)))

! LaTeX Error: Option clash for package inputenc.

See the LaTeX manual or LaTeX Companion for explanation.
Type  H <return>  for immediate help.
 ...                                              
                                                  
l.6 \usepackage
               {color}
The package inputenc has already been loaded with options:
  [utf8]
There has now been an attempt to load it with options
  [latin1]
Adding the global options:
  utf8,latin1
to your \documentclass declaration may fix this.
Try typing  <return>  to proceed.

(C:\Users\Mopsn\AppData\Local\Programs\MiKTeX 2.9\tex/latex/graphics\color.sty
Package: color 2020/02/24 v1.2b Standard LaTeX Color (DPC)

(C:\Users\Mopsn\AppData\Local\Programs\MiKTeX 2.9\tex/latex/graphics-cfg\color.
cfg
File: color.cfg 2016/01/02 v1.6 sample color configuration
)
Package color Info: Driver file: dvips.def on input line 149.

(C:\Users\Mopsn\AppData\Local\Programs\MiKTeX 2.9\tex/latex/graphics-def\dvips.
def
File: dvips.def 2017/06/20 v3.1d Graphics/color driver for dvips
)
(C:\Users\Mopsn\AppData\Local\Programs\MiKTeX 2.9\tex/latex/graphics\dvipsnam.d
ef
File: dvipsnam.def 2016/06/17 v3.0m Driver-dependent file (DPC,SPQR)
))
(C:\Users\Mopsn\AppData\Local\Programs\MiKTeX 2.9\tex/latex/geometry\geometry.s
ty
Package: geometry 2020/01/02 v5.9 Page Geometry

(C:\Users\Mopsn\AppData\Local\Programs\MiKTeX 2.9\tex/latex/graphics\keyval.sty
Package: keyval 2014/10/28 v1.15 key=value parser (DPC)
\KV@toks@=\toks18
)
(C:\Users\Mopsn\AppData\Local\Programs\MiKTeX 2.9\tex/generic/iftex\ifvtex.sty
Package: ifvtex 2019/10/25 v1.7 ifvtex legacy package. Use iftex instead.

(C:\Users\Mopsn\AppData\Local\Programs\MiKTeX 2.9\tex/generic/iftex\iftex.sty
Package: iftex 2020/03/06 v1.0d TeX engine tests
))
\Gm@cnth=\count192
\Gm@cntv=\count193
\c@Gm@tempcnt=\count194
\Gm@bindingoffset=\dimen140
\Gm@wd@mp=\dimen141
\Gm@odd@mp=\dimen142
\Gm@even@mp=\dimen143
\Gm@layoutwidth=\dimen144
\Gm@layoutheight=\dimen145
\Gm@layouthoffset=\dimen146
\Gm@layoutvoffset=\dimen147
\Gm@dimlist=\toks19

(C:\Users\Mopsn\AppData\Local\Programs\MiKTeX 2.9\tex/latex/geometry\geometry.c
fg))
(C:\Users\Mopsn\AppData\Local\Programs\MiKTeX 2.9\tex/latex/caption\caption.sty
Package: caption 2020/10/26 v3.5g Customizing captions (AR)

(C:\Users\Mopsn\AppData\Local\Programs\MiKTeX 2.9\tex/latex/caption\caption3.st
y
Package: caption3 2020/10/21 v2.2e caption3 kernel (AR)
\captionmargin=\dimen148
\captionmargin@=\dimen149
\captionwidth=\dimen150
\caption@tempdima=\dimen151
\caption@indent=\dimen152
\caption@parindent=\dimen153
\caption@hangindent=\dimen154
Package caption Info: Standard document class detected.
)
\c@caption@flags=\count195
\c@continuedfloat=\count196
)
(C:\Users\Mopsn\AppData\Local\Programs\MiKTeX 2.9\tex/latex/amsfonts\amssymb.st
y
Package: amssymb 2013/01/14 v3.01 AMS font symbols

(C:\Users\Mopsn\AppData\Local\Programs\MiKTeX 2.9\tex/latex/amsfonts\amsfonts.s
ty
Package: amsfonts 2013/01/14 v3.01 Basic AMSFonts support
\@emptytoks=\toks20
\symAMSa=\mathgroup4
\symAMSb=\mathgroup5
LaTeX Font Info:    Redeclaring math symbol \hbar on input line 98.
LaTeX Font Info:    Overwriting math alphabet `\mathfrak' in version `bold'
(Font)                  U/euf/m/n --> U/euf/b/n on input line 106.
))
(C:\Users\Mopsn\AppData\Local\Programs\MiKTeX 2.9\tex/latex/amscls\amsthm.sty
Package: amsthm 2020/05/29 v2.20.6
\thm@style=\toks21
\thm@bodyfont=\toks22
\thm@headfont=\toks23
\thm@notefont=\toks24
\thm@headpunct=\toks25
\thm@preskip=\skip49
\thm@postskip=\skip50
\thm@headsep=\skip51
\dth@everypar=\toks26
)
(C:\Users\Mopsn\AppData\Local\Programs\MiKTeX 2.9\tex/latex/graphics\graphicx.s
ty
Package: graphicx 2020/12/05 v1.2c Enhanced LaTeX Graphics (DPC,SPQR)

(C:\Users\Mopsn\AppData\Local\Programs\MiKTeX 2.9\tex/latex/graphics\graphics.s
ty
Package: graphics 2021/03/04 v1.4d Standard LaTeX Graphics (DPC,SPQR)

(C:\Users\Mopsn\AppData\Local\Programs\MiKTeX 2.9\tex/latex/graphics\trig.sty
Package: trig 2016/01/03 v1.10 sin cos tan (DPC)
)
(C:\Users\Mopsn\AppData\Local\Programs\MiKTeX 2.9\tex/latex/graphics-cfg\graphi
cs.cfg
File: graphics.cfg 2016/06/04 v1.11 sample graphics configuration
)
Package graphics Info: Driver file: dvips.def on input line 107.
)
\Gin@req@height=\dimen155
\Gin@req@width=\dimen156
)
(C:\Users\Mopsn\AppData\Local\Programs\MiKTeX 2.9\tex/latex/csquotes\csquotes.s
ty
Package: csquotes 2021-02-22 v5.2l context-sensitive quotations (JAW)

(C:\Users\Mopsn\AppData\Local\Programs\MiKTeX 2.9\tex/latex/etoolbox\etoolbox.s
ty
Package: etoolbox 2020/10/05 v2.5k e-TeX tools for LaTeX (JAW)
\etb@tempcnta=\count197
)
\csq@reset=\count198
\csq@gtype=\count199
\csq@glevel=\count266
\csq@qlevel=\count267
\csq@maxlvl=\count268
\csq@tshold=\count269
\csq@ltx@everypar=\toks27

(C:\Users\Mopsn\AppData\Local\Programs\MiKTeX 2.9\tex/latex/csquotes\csquotes.d
ef
File: csquotes.def 2021-02-22 v5.2l csquotes generic definitions (JAW)
)
Package csquotes Info: Trying to load configuration file 'csquotes.cfg'...
Package csquotes Info: ... configuration file loaded successfully.

(C:\Users\Mopsn\AppData\Local\Programs\MiKTeX 2.9\tex/latex/csquotes\csquotes.c
fg
File: csquotes.cfg 
))
(C:\Users\Mopsn\AppData\Local\Programs\MiKTeX 2.9\tex/latex/floatrow\floatrow.s
ty
Package: floatrow 2008/08/02 v0.3b floatrow: float package extension
\c@float@type=\count270
\float@exts=\toks28
\float@box=\box50
\@floatcapt=\box51
Package floatrow Info: Modified float package code loaded on input line 455.
Package floatrow Info: Modified rotfloat package code loaded on input line 473.

\FR@everyfloat=\toks29
\flrow@foot=\insert252
\FB@wd=\dimen157
\FBo@wd=\dimen158
\FBc@wd=\dimen159
\FBo@ht=\skip52
\FBc@ht=\skip53
\FBf@ht=\skip54
\FBo@max=\skip55
\FBc@max=\skip56
\FBf@max=\skip57
\c@FBl@b=\count271
\floatbox@depth=\count272
\c@FRobj=\count273
\c@FRsobj=\count274
\Xhsize=\skip58
\sXhsize=\skip59
\Zhsize=\skip60
\sZhsize=\skip61
\flrow@rowbox=\box52
\FR@Zunitlength=\dimen160
\c@FBcnt=\count275
\FPOScnt=\count276
\LTleft=\skip62
\LTright=\skip63
\LTleft=\skip64
\LTright=\skip65
\flrow@types=\toks30
)
(C:\Users\Mopsn\AppData\Local\Programs\MiKTeX 2.9\tex/latex/wrapfig\wrapfig.sty
\wrapoverhang=\dimen161
\WF@size=\dimen162
\c@WF@wrappedlines=\count277
\WF@box=\box53
\WF@everypar=\toks31
Package: wrapfig 2003/01/31  v 3.6
)
(C:\Users\Mopsn\AppData\Local\Programs\MiKTeX 2.9\tex/latex/wasysym\wasysym.sty
Package: wasysym 2020/01/19 v2.4 Wasy-2 symbol support package
\symwasy=\mathgroup6
LaTeX Font Info:    Overwriting symbol font `wasy' in version `bold'
(Font)                  U/wasy/m/n --> U/wasy/b/n on input line 93.
)
(C:\Users\Mopsn\AppData\Local\Programs\MiKTeX 2.9\tex/latex/chronology\chronolo
gy.sty
Package: chronology 2015/03/27 v1.1.1 Horizontal timeline

(C:\Users\Mopsn\AppData\Local\Programs\MiKTeX 2.9\tex/latex/tools\calc.sty
Package: calc 2017/05/25 v4.3 Infix arithmetic (KKT,FJ)
\calc@Acount=\count278
\calc@Bcount=\count279
\calc@Adimen=\dimen163
\calc@Bdimen=\dimen164
\calc@Askip=\skip66
\calc@Bskip=\skip67
LaTeX Info: Redefining \setlength on input line 80.
LaTeX Info: Redefining \addtolength on input line 81.
\calc@Ccount=\count280
\calc@Cskip=\skip68
)
(C:\Users\Mopsn\AppData\Local\Programs\MiKTeX 2.9\tex/latex/pgf/frontendlayer\t
ikz.sty
(C:\Users\Mopsn\AppData\Local\Programs\MiKTeX 2.9\tex/latex/pgf/basiclayer\pgf.
sty
(C:\Users\Mopsn\AppData\Local\Programs\MiKTeX 2.9\tex/latex/pgf/utilities\pgfrc
s.sty
(C:\Users\Mopsn\AppData\Local\Programs\MiKTeX 2.9\tex/generic/pgf/utilities\pgf
util-common.tex
\pgfutil@everybye=\toks32
\pgfutil@tempdima=\dimen165
\pgfutil@tempdimb=\dimen166

(C:\Users\Mopsn\AppData\Local\Programs\MiKTeX 2.9\tex/generic/pgf/utilities\pgf
util-common-lists.tex))
(C:\Users\Mopsn\AppData\Local\Programs\MiKTeX 2.9\tex/generic/pgf/utilities\pgf
util-latex.def
\pgfutil@abb=\box54
)
(C:\Users\Mopsn\AppData\Local\Programs\MiKTeX 2.9\tex/generic/pgf/utilities\pgf
rcs.code.tex
(C:\Users\Mopsn\AppData\Local\Programs\MiKTeX 2.9\tex/generic/pgf\pgf.revision.
tex)
Package: pgfrcs 2021/05/15 v3.1.9a (3.1.9a)
))
Package: pgf 2021/05/15 v3.1.9a (3.1.9a)

(C:\Users\Mopsn\AppData\Local\Programs\MiKTeX 2.9\tex/latex/pgf/basiclayer\pgfc
ore.sty
(C:\Users\Mopsn\AppData\Local\Programs\MiKTeX 2.9\tex/latex/pgf/systemlayer\pgf
sys.sty
(C:\Users\Mopsn\AppData\Local\Programs\MiKTeX 2.9\tex/generic/pgf/systemlayer\p
gfsys.code.tex
Package: pgfsys 2021/05/15 v3.1.9a (3.1.9a)

(C:\Users\Mopsn\AppData\Local\Programs\MiKTeX 2.9\tex/generic/pgf/utilities\pgf
keys.code.tex
\pgfkeys@pathtoks=\toks33
\pgfkeys@temptoks=\toks34

(C:\Users\Mopsn\AppData\Local\Programs\MiKTeX 2.9\tex/generic/pgf/utilities\pgf
keysfiltered.code.tex
\pgfkeys@tmptoks=\toks35
))
\pgf@x=\dimen167
\pgf@y=\dimen168
\pgf@xa=\dimen169
\pgf@ya=\dimen170
\pgf@xb=\dimen171
\pgf@yb=\dimen172
\pgf@xc=\dimen173
\pgf@yc=\dimen174
\pgf@xd=\dimen175
\pgf@yd=\dimen176
\w@pgf@writea=\write3
\r@pgf@reada=\read3
\c@pgf@counta=\count281
\c@pgf@countb=\count282
\c@pgf@countc=\count283
\c@pgf@countd=\count284
\t@pgf@toka=\toks36
\t@pgf@tokb=\toks37
\t@pgf@tokc=\toks38
\pgf@sys@id@count=\count285

(C:\Users\Mopsn\AppData\Local\Programs\MiKTeX 2.9\tex/generic/pgf/systemlayer\p
gf.cfg
File: pgf.cfg 2021/05/15 v3.1.9a (3.1.9a)
)
Driver file for pgf: pgfsys-dvips.def

(C:\Users\Mopsn\AppData\Local\Programs\MiKTeX 2.9\tex/generic/pgf/systemlayer\p
gfsys-dvips.def
File: pgfsys-dvips.def 2021/05/15 v3.1.9a (3.1.9a)

(C:\Users\Mopsn\AppData\Local\Programs\MiKTeX 2.9\tex/generic/pgf/systemlayer\p
gfsys-common-postscript.def
File: pgfsys-common-postscript.def 2021/05/15 v3.1.9a (3.1.9a)
\pgf@objectcount=\count286
)))
(C:\Users\Mopsn\AppData\Local\Programs\MiKTeX 2.9\tex/generic/pgf/systemlayer\p
gfsyssoftpath.code.tex
File: pgfsyssoftpath.code.tex 2021/05/15 v3.1.9a (3.1.9a)
\pgfsyssoftpath@smallbuffer@items=\count287
\pgfsyssoftpath@bigbuffer@items=\count288
)
(C:\Users\Mopsn\AppData\Local\Programs\MiKTeX 2.9\tex/generic/pgf/systemlayer\p
gfsysprotocol.code.tex
File: pgfsysprotocol.code.tex 2021/05/15 v3.1.9a (3.1.9a)
))
(C:\Users\Mopsn\AppData\Local\Programs\MiKTeX 2.9\tex/latex/xcolor\xcolor.sty
Package: xcolor 2016/05/11 v2.12 LaTeX color extensions (UK)

(C:\Users\Mopsn\AppData\Local\Programs\MiKTeX 2.9\tex/latex/graphics-cfg\color.
cfg
File: color.cfg 2016/01/02 v1.6 sample color configuration
)
Package xcolor Info: Driver file: dvips.def on input line 225.
LaTeX Info: Redefining \color on input line 709.
Package xcolor Info: Model `cmy' substituted by `cmy0' on input line 1348.
Package xcolor Info: Model `RGB' extended on input line 1364.
Package xcolor Info: Model `HTML' substituted by `rgb' on input line 1366.
Package xcolor Info: Model `Hsb' substituted by `hsb' on input line 1367.
Package xcolor Info: Model `tHsb' substituted by `hsb' on input line 1368.
Package xcolor Info: Model `HSB' substituted by `hsb' on input line 1369.
Package xcolor Info: Model `Gray' substituted by `gray' on input line 1370.
Package xcolor Info: Model `wave' substituted by `hsb' on input line 1371.
)
(C:\Users\Mopsn\AppData\Local\Programs\MiKTeX 2.9\tex/generic/pgf/basiclayer\pg
fcore.code.tex
Package: pgfcore 2021/05/15 v3.1.9a (3.1.9a)

(C:\Users\Mopsn\AppData\Local\Programs\MiKTeX 2.9\tex/generic/pgf/math\pgfmath.
code.tex
(C:\Users\Mopsn\AppData\Local\Programs\MiKTeX 2.9\tex/generic/pgf/math\pgfmathc
alc.code.tex
(C:\Users\Mopsn\AppData\Local\Programs\MiKTeX 2.9\tex/generic/pgf/math\pgfmathu
til.code.tex)
(C:\Users\Mopsn\AppData\Local\Programs\MiKTeX 2.9\tex/generic/pgf/math\pgfmathp
arser.code.tex
\pgfmath@dimen=\dimen177
\pgfmath@count=\count289
\pgfmath@box=\box55
\pgfmath@toks=\toks39
\pgfmath@stack@operand=\toks40
\pgfmath@stack@operation=\toks41
)
(C:\Users\Mopsn\AppData\Local\Programs\MiKTeX 2.9\tex/generic/pgf/math\pgfmathf
unctions.code.tex
(C:\Users\Mopsn\AppData\Local\Programs\MiKTeX 2.9\tex/generic/pgf/math\pgfmathf
unctions.basic.code.tex)
(C:\Users\Mopsn\AppData\Local\Programs\MiKTeX 2.9\tex/generic/pgf/math\pgfmathf
unctions.trigonometric.code.tex)
(C:\Users\Mopsn\AppData\Local\Programs\MiKTeX 2.9\tex/generic/pgf/math\pgfmathf
unctions.random.code.tex)
(C:\Users\Mopsn\AppData\Local\Programs\MiKTeX 2.9\tex/generic/pgf/math\pgfmathf
unctions.comparison.code.tex)
(C:\Users\Mopsn\AppData\Local\Programs\MiKTeX 2.9\tex/generic/pgf/math\pgfmathf
unctions.base.code.tex)
(C:\Users\Mopsn\AppData\Local\Programs\MiKTeX 2.9\tex/generic/pgf/math\pgfmathf
unctions.round.code.tex)
(C:\Users\Mopsn\AppData\Local\Programs\MiKTeX 2.9\tex/generic/pgf/math\pgfmathf
unctions.misc.code.tex)
(C:\Users\Mopsn\AppData\Local\Programs\MiKTeX 2.9\tex/generic/pgf/math\pgfmathf
unctions.integerarithmetics.code.tex)))
(C:\Users\Mopsn\AppData\Local\Programs\MiKTeX 2.9\tex/generic/pgf/math\pgfmathf
loat.code.tex
\c@pgfmathroundto@lastzeros=\count290
))
(C:\Users\Mopsn\AppData\Local\Programs\MiKTeX 2.9\tex/generic/pgf/math\pgfint.c
ode.tex)
(C:\Users\Mopsn\AppData\Local\Programs\MiKTeX 2.9\tex/generic/pgf/basiclayer\pg
fcorepoints.code.tex
File: pgfcorepoints.code.tex 2021/05/15 v3.1.9a (3.1.9a)
\pgf@picminx=\dimen178
\pgf@picmaxx=\dimen179
\pgf@picminy=\dimen180
\pgf@picmaxy=\dimen181
\pgf@pathminx=\dimen182
\pgf@pathmaxx=\dimen183
\pgf@pathminy=\dimen184
\pgf@pathmaxy=\dimen185
\pgf@xx=\dimen186
\pgf@xy=\dimen187
\pgf@yx=\dimen188
\pgf@yy=\dimen189
\pgf@zx=\dimen190
\pgf@zy=\dimen191
)
(C:\Users\Mopsn\AppData\Local\Programs\MiKTeX 2.9\tex/generic/pgf/basiclayer\pg
fcorepathconstruct.code.tex
File: pgfcorepathconstruct.code.tex 2021/05/15 v3.1.9a (3.1.9a)
\pgf@path@lastx=\dimen192
\pgf@path@lasty=\dimen193
)
(C:\Users\Mopsn\AppData\Local\Programs\MiKTeX 2.9\tex/generic/pgf/basiclayer\pg
fcorepathusage.code.tex
File: pgfcorepathusage.code.tex 2021/05/15 v3.1.9a (3.1.9a)
\pgf@shorten@end@additional=\dimen194
\pgf@shorten@start@additional=\dimen195
)
(C:\Users\Mopsn\AppData\Local\Programs\MiKTeX 2.9\tex/generic/pgf/basiclayer\pg
fcorescopes.code.tex
File: pgfcorescopes.code.tex 2021/05/15 v3.1.9a (3.1.9a)
\pgfpic=\box56
\pgf@hbox=\box57
\pgf@layerbox@main=\box58
\pgf@picture@serial@count=\count291
)
(C:\Users\Mopsn\AppData\Local\Programs\MiKTeX 2.9\tex/generic/pgf/basiclayer\pg
fcoregraphicstate.code.tex
File: pgfcoregraphicstate.code.tex 2021/05/15 v3.1.9a (3.1.9a)
\pgflinewidth=\dimen196
)
(C:\Users\Mopsn\AppData\Local\Programs\MiKTeX 2.9\tex/generic/pgf/basiclayer\pg
fcoretransformations.code.tex
File: pgfcoretransformations.code.tex 2021/05/15 v3.1.9a (3.1.9a)
\pgf@pt@x=\dimen197
\pgf@pt@y=\dimen198
\pgf@pt@temp=\dimen199
)
(C:\Users\Mopsn\AppData\Local\Programs\MiKTeX 2.9\tex/generic/pgf/basiclayer\pg
fcorequick.code.tex
File: pgfcorequick.code.tex 2021/05/15 v3.1.9a (3.1.9a)
)
(C:\Users\Mopsn\AppData\Local\Programs\MiKTeX 2.9\tex/generic/pgf/basiclayer\pg
fcoreobjects.code.tex
File: pgfcoreobjects.code.tex 2021/05/15 v3.1.9a (3.1.9a)
)
(C:\Users\Mopsn\AppData\Local\Programs\MiKTeX 2.9\tex/generic/pgf/basiclayer\pg
fcorepathprocessing.code.tex
File: pgfcorepathprocessing.code.tex 2021/05/15 v3.1.9a (3.1.9a)
)
(C:\Users\Mopsn\AppData\Local\Programs\MiKTeX 2.9\tex/generic/pgf/basiclayer\pg
fcorearrows.code.tex
File: pgfcorearrows.code.tex 2021/05/15 v3.1.9a (3.1.9a)
\pgfarrowsep=\dimen256
)
(C:\Users\Mopsn\AppData\Local\Programs\MiKTeX 2.9\tex/generic/pgf/basiclayer\pg
fcoreshade.code.tex
File: pgfcoreshade.code.tex 2021/05/15 v3.1.9a (3.1.9a)
\pgf@max=\dimen257
\pgf@sys@shading@range@num=\count292
\pgf@shadingcount=\count293
)
(C:\Users\Mopsn\AppData\Local\Programs\MiKTeX 2.9\tex/generic/pgf/basiclayer\pg
fcoreimage.code.tex
File: pgfcoreimage.code.tex 2021/05/15 v3.1.9a (3.1.9a)

(C:\Users\Mopsn\AppData\Local\Programs\MiKTeX 2.9\tex/generic/pgf/basiclayer\pg
fcoreexternal.code.tex
File: pgfcoreexternal.code.tex 2021/05/15 v3.1.9a (3.1.9a)
\pgfexternal@startupbox=\box59
))
(C:\Users\Mopsn\AppData\Local\Programs\MiKTeX 2.9\tex/generic/pgf/basiclayer\pg
fcorelayers.code.tex
File: pgfcorelayers.code.tex 2021/05/15 v3.1.9a (3.1.9a)
)
(C:\Users\Mopsn\AppData\Local\Programs\MiKTeX 2.9\tex/generic/pgf/basiclayer\pg
fcoretransparency.code.tex
File: pgfcoretransparency.code.tex 2021/05/15 v3.1.9a (3.1.9a)
)
(C:\Users\Mopsn\AppData\Local\Programs\MiKTeX 2.9\tex/generic/pgf/basiclayer\pg
fcorepatterns.code.tex
File: pgfcorepatterns.code.tex 2021/05/15 v3.1.9a (3.1.9a)
)
(C:\Users\Mopsn\AppData\Local\Programs\MiKTeX 2.9\tex/generic/pgf/basiclayer\pg
fcorerdf.code.tex
File: pgfcorerdf.code.tex 2021/05/15 v3.1.9a (3.1.9a)
)))
(C:\Users\Mopsn\AppData\Local\Programs\MiKTeX 2.9\tex/generic/pgf/modules\pgfmo
duleshapes.code.tex
File: pgfmoduleshapes.code.tex 2021/05/15 v3.1.9a (3.1.9a)
\pgfnodeparttextbox=\box60
)
(C:\Users\Mopsn\AppData\Local\Programs\MiKTeX 2.9\tex/generic/pgf/modules\pgfmo
duleplot.code.tex
File: pgfmoduleplot.code.tex 2021/05/15 v3.1.9a (3.1.9a)
)
(C:\Users\Mopsn\AppData\Local\Programs\MiKTeX 2.9\tex/latex/pgf/compatibility\p
gfcomp-version-0-65.sty
Package: pgfcomp-version-0-65 2021/05/15 v3.1.9a (3.1.9a)
\pgf@nodesepstart=\dimen258
\pgf@nodesepend=\dimen259
)
(C:\Users\Mopsn\AppData\Local\Programs\MiKTeX 2.9\tex/latex/pgf/compatibility\p
gfcomp-version-1-18.sty
Package: pgfcomp-version-1-18 2021/05/15 v3.1.9a (3.1.9a)
))
(C:\Users\Mopsn\AppData\Local\Programs\MiKTeX 2.9\tex/latex/pgf/utilities\pgffo
r.sty
(C:\Users\Mopsn\AppData\Local\Programs\MiKTeX 2.9\tex/latex/pgf/utilities\pgfke
ys.sty
(C:\Users\Mopsn\AppData\Local\Programs\MiKTeX 2.9\tex/generic/pgf/utilities\pgf
keys.code.tex))
(C:\Users\Mopsn\AppData\Local\Programs\MiKTeX 2.9\tex/latex/pgf/math\pgfmath.st
y
(C:\Users\Mopsn\AppData\Local\Programs\MiKTeX 2.9\tex/generic/pgf/math\pgfmath.
code.tex))
(C:\Users\Mopsn\AppData\Local\Programs\MiKTeX 2.9\tex/generic/pgf/utilities\pgf
for.code.tex
Package: pgffor 2021/05/15 v3.1.9a (3.1.9a)

(C:\Users\Mopsn\AppData\Local\Programs\MiKTeX 2.9\tex/generic/pgf/math\pgfmath.
code.tex)
\pgffor@iter=\dimen260
\pgffor@skip=\dimen261
\pgffor@stack=\toks42
\pgffor@toks=\toks43
))
(C:\Users\Mopsn\AppData\Local\Programs\MiKTeX 2.9\tex/generic/pgf/frontendlayer
/tikz\tikz.code.tex
Package: tikz 2021/05/15 v3.1.9a (3.1.9a)

(C:\Users\Mopsn\AppData\Local\Programs\MiKTeX 2.9\tex/generic/pgf/libraries\pgf
libraryplothandlers.code.tex
File: pgflibraryplothandlers.code.tex 2021/05/15 v3.1.9a (3.1.9a)
\pgf@plot@mark@count=\count294
\pgfplotmarksize=\dimen262
)
\tikz@lastx=\dimen263
\tikz@lasty=\dimen264
\tikz@lastxsaved=\dimen265
\tikz@lastysaved=\dimen266
\tikz@lastmovetox=\dimen267
\tikz@lastmovetoy=\dimen268
\tikzleveldistance=\dimen269
\tikzsiblingdistance=\dimen270
\tikz@figbox=\box61
\tikz@figbox@bg=\box62
\tikz@tempbox=\box63
\tikz@tempbox@bg=\box64
\tikztreelevel=\count295
\tikznumberofchildren=\count296
\tikznumberofcurrentchild=\count297
\tikz@fig@count=\count298

(C:\Users\Mopsn\AppData\Local\Programs\MiKTeX 2.9\tex/generic/pgf/modules\pgfmo
dulematrix.code.tex
File: pgfmodulematrix.code.tex 2021/05/15 v3.1.9a (3.1.9a)
\pgfmatrixcurrentrow=\count299
\pgfmatrixcurrentcolumn=\count300
\pgf@matrix@numberofcolumns=\count301
)
\tikz@expandcount=\count302

(C:\Users\Mopsn\AppData\Local\Programs\MiKTeX 2.9\tex/generic/pgf/frontendlayer
/tikz/libraries\tikzlibrarytopaths.code.tex
File: tikzlibrarytopaths.code.tex 2021/05/15 v3.1.9a (3.1.9a)
)))
(C:\Users\Mopsn\AppData\Local\Programs\MiKTeX 2.9\tex/latex/l3packages/xparse\x
parse.sty
(C:\Users\Mopsn\AppData\Local\Programs\MiKTeX 2.9\tex/latex/l3kernel\expl3.sty
Package: expl3 2021-06-01 L3 programming layer (loader) 

(C:\Users\Mopsn\AppData\Local\Programs\MiKTeX 2.9\tex/latex/l3backend\l3backend
-dvips.def
File: l3backend-dvips.def 2021-05-07 L3 backend support: dvips
\l__pdf_internal_box=\box65
\g__pdf_backend_object_int=\count303
\l__pdf_backend_content_box=\box66
\l__pdf_backend_model_box=\box67
\g__pdf_backend_annotation_int=\count304
\g__pdf_backend_link_int=\count305
\g__pdf_backend_link_sf_int=\count306
))
Package: xparse 2021-06-01 L3 Experimental document command parser
)
\c@step=\count307
\c@stepstart=\count308
\c@stepstop=\count309
\c@yearstart=\count310
\c@yearstop=\count311
\c@deltayears=\count312
\xstart=\skip69
\xstop=\skip70
\unit=\skip71
\timelinewidth=\skip72
\timelinebox=\box68
)
(C:\Users\Mopsn\AppData\Local\Programs\MiKTeX 2.9\tex/latex/biblatex\biblatex.s
ty
Package: biblatex 2020/12/31 v3.16 programmable bibliographies (PK/MW)

(C:\Users\Mopsn\AppData\Local\Programs\MiKTeX 2.9\tex/generic/pdftexcmds\pdftex
cmds.sty
Package: pdftexcmds 2020-06-27 v0.33 Utility functions of pdfTeX for LuaTeX (HO
)

(C:\Users\Mopsn\AppData\Local\Programs\MiKTeX 2.9\tex/generic/infwarerr\infware
rr.sty
Package: infwarerr 2019/12/03 v1.5 Providing info/warning/error messages (HO)
)
(C:\Users\Mopsn\AppData\Local\Programs\MiKTeX 2.9\tex/generic/ltxcmds\ltxcmds.s
ty
Package: ltxcmds 2020-05-10 v1.25 LaTeX kernel commands for general use (HO)
)
Package pdftexcmds Info: \pdf@primitive is available.
Package pdftexcmds Info: \pdf@ifprimitive is available.
Package pdftexcmds Info: \pdfdraftmode is ignored in DVI mode.
)
(C:\Users\Mopsn\AppData\Local\Programs\MiKTeX 2.9\tex/latex/kvoptions\kvoptions
.sty
Package: kvoptions 2020-10-07 v3.14 Key value format for package options (HO)

(C:\Users\Mopsn\AppData\Local\Programs\MiKTeX 2.9\tex/generic/kvsetkeys\kvsetke
ys.sty
Package: kvsetkeys 2019/12/15 v1.18 Key value parser (HO)
))
(C:\Users\Mopsn\AppData\Local\Programs\MiKTeX 2.9\tex/latex/logreq\logreq.sty
Package: logreq 2010/08/04 v1.0 xml request logger
\lrq@indent=\count313

(C:\Users\Mopsn\AppData\Local\Programs\MiKTeX 2.9\tex/latex/logreq\logreq.def
File: logreq.def 2010/08/04 v1.0 logreq spec v1.0
)) (C:\Users\Mopsn\AppData\Local\Programs\MiKTeX 2.9\tex/latex/base\ifthen.sty
Package: ifthen 2020/11/24 v1.1c Standard LaTeX ifthen package (DPC)
)
(C:\Users\Mopsn\AppData\Local\Programs\MiKTeX 2.9\tex/latex/url\url.sty
\Urlmuskip=\muskip16
Package: url 2013/09/16  ver 3.4  Verb mode for urls, etc.
)
\c@tabx@nest=\count314
\c@listtotal=\count315
\c@listcount=\count316
\c@liststart=\count317
\c@liststop=\count318
\c@citecount=\count319
\c@citetotal=\count320
\c@multicitecount=\count321
\c@multicitetotal=\count322
\c@instcount=\count323
\c@maxnames=\count324
\c@minnames=\count325
\c@maxitems=\count326
\c@minitems=\count327
\c@citecounter=\count328
\c@maxcitecounter=\count329
\c@savedcitecounter=\count330
\c@uniquelist=\count331
\c@uniquename=\count332
\c@refsection=\count333
\c@refsegment=\count334
\c@maxextratitle=\count335
\c@maxextratitleyear=\count336
\c@maxextraname=\count337
\c@maxextradate=\count338
\c@maxextraalpha=\count339
\c@abbrvpenalty=\count340
\c@highnamepenalty=\count341
\c@lownamepenalty=\count342
\c@maxparens=\count343
\c@parenlevel=\count344
\blx@tempcnta=\count345
\blx@tempcntb=\count346
\blx@tempcntc=\count347
\blx@maxsection=\count348
\blx@maxsegment@0=\count349
\blx@notetype=\count350
\blx@parenlevel@text=\count351
\blx@parenlevel@foot=\count352
\blx@sectionciteorder@0=\count353
\blx@entrysetcounter=\count354
\blx@biblioinstance=\count355
\labelnumberwidth=\skip73
\labelalphawidth=\skip74
\biblabelsep=\skip75
\bibitemsep=\skip76
\bibnamesep=\skip77
\bibinitsep=\skip78
\bibparsep=\skip79
\bibhang=\skip80
\blx@bcfin=\read4
\blx@bcfout=\write4
\blx@langwohyphens=\language84
\c@mincomprange=\count356
\c@maxcomprange=\count357
\c@mincompwidth=\count358
Package biblatex Info: Trying to load biblatex default data model...
Package biblatex Info: ... file 'blx-dm.def' found.

(C:\Users\Mopsn\AppData\Local\Programs\MiKTeX 2.9\tex/latex/biblatex\blx-dm.def
File: blx-dm.def 2020/12/31 v3.16 biblatex localization (PK/MW)
)
Package biblatex Info: Trying to load biblatex style data model...
Package biblatex Info: ... file 'alphabetic.dbx' not found.
Package biblatex Info: Trying to load biblatex custom data model...
Package biblatex Info: ... file 'biblatex-dm.cfg' not found.
\c@afterword=\count359
\c@savedafterword=\count360
\c@annotator=\count361
\c@savedannotator=\count362
\c@author=\count363
\c@savedauthor=\count364
\c@bookauthor=\count365
\c@savedbookauthor=\count366
\c@commentator=\count367
\c@savedcommentator=\count368
\c@editor=\count369
\c@savededitor=\count370
\c@editora=\count371
\c@savededitora=\count372
\c@editorb=\count373
\c@savededitorb=\count374
\c@editorc=\count375
\c@savededitorc=\count376
\c@foreword=\count377
\c@savedforeword=\count378
\c@holder=\count379
\c@savedholder=\count380
\c@introduction=\count381
\c@savedintroduction=\count382
\c@namea=\count383
\c@savednamea=\count384
\c@nameb=\count385
\c@savednameb=\count386
\c@namec=\count387
\c@savednamec=\count388
\c@translator=\count389
\c@savedtranslator=\count390
\c@shortauthor=\count391
\c@savedshortauthor=\count392
\c@shorteditor=\count393
\c@savedshorteditor=\count394
\c@labelname=\count395
\c@savedlabelname=\count396
\c@institution=\count397
\c@savedinstitution=\count398
\c@lista=\count399
\c@savedlista=\count400
\c@listb=\count401
\c@savedlistb=\count402
\c@listc=\count403
\c@savedlistc=\count404
\c@listd=\count405
\c@savedlistd=\count406
\c@liste=\count407
\c@savedliste=\count408
\c@listf=\count409
\c@savedlistf=\count410
\c@location=\count411
\c@savedlocation=\count412
\c@organization=\count413
\c@savedorganization=\count414
\c@origlocation=\count415
\c@savedoriglocation=\count416
\c@origpublisher=\count417
\c@savedorigpublisher=\count418
\c@publisher=\count419
\c@savedpublisher=\count420
\c@language=\count421
\c@savedlanguage=\count422
\c@origlanguage=\count423
\c@savedoriglanguage=\count424
\c@pageref=\count425
\c@savedpageref=\count426
\shorthandwidth=\skip81
\shortjournalwidth=\skip82
\shortserieswidth=\skip83
\shorttitlewidth=\skip84
\shortauthorwidth=\skip85
\shorteditorwidth=\skip86
\locallabelnumberwidth=\skip87
\locallabelalphawidth=\skip88
\localshorthandwidth=\skip89
\localshortjournalwidth=\skip90
\localshortserieswidth=\skip91
\localshorttitlewidth=\skip92
\localshortauthorwidth=\skip93
\localshorteditorwidth=\skip94
Package biblatex Info: Trying to load compatibility code...
Package biblatex Info: ... file 'blx-compat.def' found.

(C:\Users\Mopsn\AppData\Local\Programs\MiKTeX 2.9\tex/latex/biblatex\blx-compat
.def
File: blx-compat.def 2020/12/31 v3.16 biblatex compatibility (PK/MW)
)
Package biblatex Info: Trying to load generic definitions...
Package biblatex Info: ... file 'biblatex.def' found.

(C:\Users\Mopsn\AppData\Local\Programs\MiKTeX 2.9\tex/latex/biblatex\biblatex.d
ef
File: biblatex.def 2020/12/31 v3.16 biblatex compatibility (PK/MW)
\c@textcitecount=\count427
\c@textcitetotal=\count428
\c@textcitemaxnames=\count429
\c@biburlbigbreakpenalty=\count430
\c@biburlbreakpenalty=\count431
\c@biburlnumpenalty=\count432
\c@biburlucpenalty=\count433
\c@biburllcpenalty=\count434
\biburlbigskip=\muskip17
\biburlnumskip=\muskip18
\biburlucskip=\muskip19
\biburllcskip=\muskip20
\c@smartand=\count435
)
Package biblatex Info: Trying to load bibliography style 'alphabetic'...
Package biblatex Info: ... file 'alphabetic.bbx' found.

(C:\Users\Mopsn\AppData\Local\Programs\MiKTeX 2.9\tex/latex/biblatex/bbx\alphab
etic.bbx
File: alphabetic.bbx 2020/12/31 v3.16 biblatex bibliography style (PK/MW)
Package biblatex Info: Trying to load bibliography style 'standard'...
Package biblatex Info: ... file 'standard.bbx' found.

(C:\Users\Mopsn\AppData\Local\Programs\MiKTeX 2.9\tex/latex/biblatex/bbx\standa
rd.bbx
File: standard.bbx 2020/12/31 v3.16 biblatex bibliography style (PK/MW)
\c@bbx:relatedcount=\count436
\c@bbx:relatedtotal=\count437
))
Package biblatex Info: Trying to load citation style 'alphabetic'...
Package biblatex Info: ... file 'alphabetic.cbx' found.

(C:\Users\Mopsn\AppData\Local\Programs\MiKTeX 2.9\tex/latex/biblatex/cbx\alphab
etic.cbx
File: alphabetic.cbx 2020/12/31 v3.16 biblatex citation style (PK/MW)
Package biblatex Info: Redefining '\cite'.
Package biblatex Info: Redefining '\parencite'.
Package biblatex Info: Redefining '\footcite'.
Package biblatex Info: Redefining '\footcitetext'.
Package biblatex Info: Redefining '\smartcite'.
Package biblatex Info: Redefining '\textcite'.
Package biblatex Info: Redefining '\textcites'.
Package biblatex Info: Redefining '\cites'.
Package biblatex Info: Redefining '\parencites'.
Package biblatex Info: Redefining '\smartcites'.
)
Package biblatex Info: Trying to load configuration file...
Package biblatex Info: ... file 'biblatex.cfg' found.

(C:\Users\Mopsn\AppData\Local\Programs\MiKTeX 2.9\tex/latex/biblatex\biblatex.c
fg
File: biblatex.cfg 
))
Package csquotes Info: Checking for multilingual support...
Package csquotes Info: ... found 'babel' package.
Package csquotes Info: Adjusting default style.
Package csquotes Info: Redefining alias 'default' -> 'ngerman'.
 (BA Daniel Grohmann.aux)
\openout1 = `"BA Daniel Grohmann.aux"'.

LaTeX Font Info:    Checking defaults for OML/cmm/m/it on input line 26.
LaTeX Font Info:    ... okay on input line 26.
LaTeX Font Info:    Checking defaults for OMS/cmsy/m/n on input line 26.
LaTeX Font Info:    ... okay on input line 26.
LaTeX Font Info:    Checking defaults for OT1/cmr/m/n on input line 26.
LaTeX Font Info:    ... okay on input line 26.
LaTeX Font Info:    Checking defaults for T1/cmr/m/n on input line 26.
LaTeX Font Info:    ... okay on input line 26.
LaTeX Font Info:    Checking defaults for TS1/cmr/m/n on input line 26.
LaTeX Font Info:    ... okay on input line 26.
LaTeX Font Info:    Checking defaults for OMX/cmex/m/n on input line 26.
LaTeX Font Info:    ... okay on input line 26.
LaTeX Font Info:    Checking defaults for U/cmr/m/n on input line 26.
LaTeX Font Info:    ... okay on input line 26.

*geometry* driver: auto-detecting
*geometry* detected driver: dvips
*geometry* verbose mode - [ preamble ] result:
* driver: dvips
* paper: a4paper
* layout: <same size as paper>
* layoutoffset:(h,v)=(0.0pt,0.0pt)
* modes: 
* h-part:(L,W,R)=(113.81102pt, 426.79135pt, 56.9055pt)
* v-part:(T,H,B)=(71.13188pt, 702.78308pt, 71.13188pt)
* \paperwidth=597.50787pt
* \paperheight=845.04684pt
* \textwidth=426.79135pt
* \textheight=702.78308pt
* \oddsidemargin=41.54103pt
* \evensidemargin=41.54103pt
* \topmargin=-38.1381pt
* \headheight=12.0pt
* \headsep=25.0pt
* \topskip=12.0pt
* \footskip=30.0pt
* \marginparwidth=44.0pt
* \marginparsep=10.0pt
* \columnsep=10.0pt
* \skip\footins=10.8pt plus 4.0pt minus 2.0pt
* \hoffset=0.0pt
* \voffset=0.0pt
* \mag=1000
* \@twocolumnfalse
* \@twosidefalse
* \@mparswitchfalse
* \@reversemarginfalse
* (1in=72.27pt=25.4mm, 1cm=28.453pt)

Package caption Info: Begin \AtBeginDocument code.
Package caption Info: float package is loaded.
Package caption Info: floatrow package is loaded.
Package caption Info: wrapfig package is loaded.
Package caption Info: End \AtBeginDocument code.
Package biblatex Info: Trying to load language 'ngerman' -> 'ngerman-apa'...
Package biblatex Info: ... file 'ngerman-apa.lbx' found.

(C:\Users\Mopsn\AppData\Local\Programs\MiKTeX 2.9\tex/latex/biblatex-apa\ngerma
n-apa.lbx
File: ngerman-apa.lbx 2022/06/22 v9.16 APA biblatex localisation
Package biblatex Info: Trying to load language 'ngerman'...
Package biblatex Info: ... file 'ngerman.lbx' found.

(C:\Users\Mopsn\AppData\Local\Programs\MiKTeX 2.9\tex/latex/biblatex/lbx\ngerma
n.lbx
File: ngerman.lbx 2020/12/31 v3.16 biblatex localization (PK/MW)
Package biblatex Info: Trying to load language 'german'...
Package biblatex Info: ... file 'german.lbx' found.

(C:\Users\Mopsn\AppData\Local\Programs\MiKTeX 2.9\tex/latex/biblatex/lbx\german
.lbx
File: german.lbx 2020/12/31 v3.16 biblatex localization (PK/MW)
))
Package biblatex Info: Trying to load language 'ngerman'...
Package biblatex Info: ... file 'ngerman.lbx' found.

(C:\Users\Mopsn\AppData\Local\Programs\MiKTeX 2.9\tex/latex/biblatex/lbx\ngerma
n.lbx
File: ngerman.lbx 2020/12/31 v3.16 biblatex localization (PK/MW)
Package biblatex Info: Trying to load language 'german'...
Package biblatex Info: ... file 'german.lbx' found.

(C:\Users\Mopsn\AppData\Local\Programs\MiKTeX 2.9\tex/latex/biblatex/lbx\german
.lbx
File: german.lbx 2020/12/31 v3.16 biblatex localization (PK/MW)
)))

! LaTeX Error: Command \apashortdash undefined.

See the LaTeX manual or LaTeX Companion for explanation.
Type  H <return>  for immediate help.
 ...                                              
                                                  
l.26 \begin{document}
                     
Try typing  <return>  to proceed.
If that doesn't work, type  X <return>  to quit.

Package biblatex Info: Input encoding 'utf8' detected.
Package biblatex Info: Automatic encoding selection.
(biblatex)             Assuming data encoding 'utf8'.
Package biblatex Info: Document encoding is UTF8 ....
Package biblatex Info: ... and expl3
(biblatex)             2021-06-01 L3 programming layer (loader) 
(biblatex)             is new enough (at least 2020/04/06),
(biblatex)             setting 'casechanger=expl3'.

(C:\Users\Mopsn\AppData\Local\Programs\MiKTeX 2.9\tex/latex/biblatex\blx-case-e
xpl3.sty
Package: blx-case-expl3 2020/12/31 v3.16 expl3 case changing code for biblatex
)
\openout4 = `"BA Daniel Grohmann.bcf"'.

Package biblatex Info: Trying to load bibliographic data...
Package biblatex Info: ... file '"BA Daniel Grohmann".bbl' found.
 (BA Daniel Grohmann.bbl)
Package biblatex Info: Reference section=0 on input line 26.
Package biblatex Info: Reference segment=0 on input line 26.
LaTeX Font Info:    Trying to load font information for U+msa on input line 35.


(C:\Users\Mopsn\AppData\Local\Programs\MiKTeX 2.9\tex/latex/amsfonts\umsa.fd
File: umsa.fd 2013/01/14 v3.01 AMS symbols A
)
LaTeX Font Info:    Trying to load font information for U+msb on input line 35.


(C:\Users\Mopsn\AppData\Local\Programs\MiKTeX 2.9\tex/latex/amsfonts\umsb.fd
File: umsb.fd 2013/01/14 v3.01 AMS symbols B
)
LaTeX Font Info:    Trying to load font information for U+wasy on input line 35
.

(C:\Users\Mopsn\AppData\Local\Programs\MiKTeX 2.9\tex/latex/wasysym\uwasy.fd
File: uwasy.fd 2020/01/19 v2.4 Wasy-2 symbol font definitions
)
[1

] [1] (BA Daniel Grohmann.toc)
\tf@toc=\write5
\openout5 = `"BA Daniel Grohmann.toc"'.

 [1] (BA Daniel Grohmann.lof)
\tf@lof=\write6
\openout6 = `"BA Daniel Grohmann.lof"'.

 [2]
Overfull \hbox (4.36105pt too wide) in paragraph at lines 70--77
[][]\OT1/cmr/m/n/12 Doch mitt-ler-wei-le sind die Zei-ten, in de-nen man his-to
-ri-sche Fo-tos h[]ochst-aufw[]andig
 []

[3] [4]

! LaTeX Error: Cannot determine size of graphic in niepce_heliograph.jpg (no Bo
undingBox).

See the LaTeX manual or LaTeX Companion for explanation.
Type  H <return>  for immediate help.
 ...                                              
                                                  
l.102 ...y of Texas at Austin}}\label{fig:niepce}}
                                                  
Try typing  <return>  to proceed.
If that doesn't work, type  X <return>  to quit.

File: niepce_heliograph.jpg Graphic file (type eps)
<niepce_heliograph.jpg>

! LaTeX Error: Cannot determine size of graphic in niepce_heliograph.jpg (no Bo
undingBox).

See the LaTeX manual or LaTeX Companion for explanation.
Type  H <return>  for immediate help.
 ...                                              
                                                  
l.102 ...y of Texas at Austin}}\label{fig:niepce}}
                                                  
Try typing  <return>  to proceed.
If that doesn't work, type  X <return>  to quit.

File: niepce_heliograph.jpg Graphic file (type eps)
<niepce_heliograph.jpg>

! LaTeX Error: Cannot determine size of graphic in niepce_heliograph.jpg (no Bo
undingBox).

See the LaTeX manual or LaTeX Companion for explanation.
Type  H <return>  for immediate help.
 ...                                              
                                                  
l.102 ...y of Texas at Austin}}\label{fig:niepce}}
                                                  
Try typing  <return>  to proceed.
If that doesn't work, type  X <return>  to quit.

File: niepce_heliograph.jpg Graphic file (type eps)
<niepce_heliograph.jpg>
Overfull \hbox (9.99998pt too wide) detected at line 102
 [] 
 []

[5]
Overfull \hbox (17.62547pt too wide) in paragraph at lines 121--122
[][][] 
 []


Underfull \hbox (badness 10000) in paragraph at lines 121--122

 []

[6] [7] [8] [9] [10] [11] [12] [13] [14] [15]
Overfull \hbox (7.32625pt too wide) in paragraph at lines 193--193
[]\OT1/cmr/m/n/12 Michael Ivan-ko-vich und Su-san Ivan-ko-vich. \OT1/cmr/m/it/1
2 Ear-ly Twen-tieth Cen-tu-ry Hand-
 []

[16] [17] (BA Daniel Grohmann.aux)
Package logreq Info: Writing requests to '"BA Daniel Grohmann".run.xml'.
\openout1 = `"BA Daniel Grohmann.run.xml"'.

 ) 
Here is how much of TeX's memory you used:
 24429 strings out of 478831
 480307 string characters out of 2845161
 1229012 words of memory out of 3000000
 41982 multiletter control sequences out of 15000+600000
 415359 words of font info for 73 fonts, out of 8000000 for 9000
 1143 hyphenation exceptions out of 8191
 99i,9n,103p,2349b,5053s stack positions out of 5000i,500n,10000p,200000b,80000s

Output written on "BA Daniel Grohmann.dvi" (19 pages, 55476 bytes).
